AnchorFile ID: 8103944fc374e45a6cbfb9309eb08df7
File ID: 1
Filename: example1.txt
Extension: txt
Filesize: 1024
Status: new
Hash: dffd6021bb2bd5b0af676290809ec3a53191dd81c7f70a4b28688a362182986f
Message: Initial commit
Timestamp: 2024-08-23T17:57:53+03:00

AnchorFile ID: 8103944fc374e45a6cbfb9309eb08df7
File ID: 1
Filename: example2.txt
Extension: txt
Filesize: 2048
Status: modified
Hash: 84a1867e5dffa46996550102c0852d0cba0a47f0fb13ad13a4f35b6e7f86a71d
Message: Initial commit
Timestamp: 2024-08-23T17:57:53+03:00

AnchorFile ID: 79724559e1dea04ad1e2b8945755d56e
File ID: 1
Filename: example1.txt
Extension: txt
Filesize: 1024
Status: new
Hash: dffd6021bb2bd5b0af676290809ec3a53191dd81c7f70a4b28688a362182986f
Message: Initial commit
Timestamp: 2024-08-23T20:13:53+03:00

AnchorFile ID: 79724559e1dea04ad1e2b8945755d56e
File ID: 1
Filename: example2.txt
Extension: txt
Filesize: 2048
Status: modified
Hash: 84a1867e5dffa46996550102c0852d0cba0a47f0fb13ad13a4f35b6e7f86a71d
Message: Initial commit
Timestamp: 2024-08-23T20:13:53+03:00

